<?xml version="1.0" encoding="UTF-8"?>
<robot generator="Robot 7.3.2 (Python 3.14.0 on darwin)" generated="2025-11-10T22:42:09.385750" rpa="false" schemaversion="5">
<suite id="s1" name="Testcase Scenerio5" source="/Users/dreammnck/Documents/SE/software-testing/project2/CU-Bank-Group1-Testing/testcases/testcase_scenerio5.robot">
<kw name="Login To Bank" type="SETUP">
<kw name="Open Browser" owner="SeleniumLibrary">
<msg time="2025-11-10T22:42:09.493663" level="INFO">Opening browser 'chrome' to base url 'http://localhost:3000'.</msg>
<arg>${BASE_URL}</arg>
<arg>${BROWSER}</arg>
<doc>Opens a new browser instance to the optional ``url``.</doc>
<status status="PASS" start="2025-11-10T22:42:09.493548" elapsed="0.901887"/>
</kw>
<kw name="Maximize Browser Window" owner="SeleniumLibrary">
<doc>Maximizes current browser window.</doc>
<status status="PASS" start="2025-11-10T22:42:10.395991" elapsed="0.339175"/>
</kw>
<kw name="Wait Until Page Contains Element" owner="SeleniumLibrary">
<arg>css:[cid="l1"]</arg>
<doc>Waits until the element ``locator`` appears on the current page.</doc>
<status status="PASS" start="2025-11-10T22:42:10.735336" elapsed="0.021026"/>
</kw>
<kw name="Input Text" owner="SeleniumLibrary">
<msg time="2025-11-10T22:42:10.757150" level="INFO">Typing text '1234567892' into text field 'css:[cid="l1"]'.</msg>
<arg>css:[cid="l1"]</arg>
<arg>${VALID_ACC}</arg>
<doc>Types the given ``text`` into the text field identified by ``locator``.</doc>
<status status="PASS" start="2025-11-10T22:42:10.756594" elapsed="0.072693"/>
</kw>
<kw name="Input Password" owner="SeleniumLibrary">
<msg time="2025-11-10T22:42:10.829629" level="INFO">Typing password into text field 'css:[cid="l2"]'.</msg>
<msg time="2025-11-10T22:42:10.840179" level="INFO">Temporally setting log level to: NONE</msg>
<arg>css:[cid="l2"]</arg>
<arg>${PASSWORD}</arg>
<doc>Types the given password into the text field identified by ``locator``.</doc>
<status status="PASS" start="2025-11-10T22:42:10.829431" elapsed="0.022469"/>
</kw>
<kw name="Click Button" owner="SeleniumLibrary">
<msg time="2025-11-10T22:42:10.852105" level="INFO">Clicking button 'css:[cid="lc"]'.</msg>
<arg>css:[cid="lc"]</arg>
<doc>Clicks the button identified by ``locator``.</doc>
<status status="PASS" start="2025-11-10T22:42:10.851998" elapsed="0.028332"/>
</kw>
<kw name="Wait Until Page Contains" owner="SeleniumLibrary">
<arg>Account ID:</arg>
<doc>Waits until ``text`` appears on the current page.</doc>
<status status="PASS" start="2025-11-10T22:42:10.880444" elapsed="0.211638"/>
</kw>
<status status="PASS" start="2025-11-10T22:42:09.493267" elapsed="1.598927"/>
</kw>
<test id="s1-t1" name="TC001 โอนสำเร็จข้อมูลถูกต้อง (A1,B1)" line="70">
<kw name="Run Keywords" owner="BuiltIn" type="SETUP">
<kw name="Delete Transactions On Account" owner="mongoDatabaseKeywords">
<kw name="Connect To Mongo" owner="MongoKeywords">
<arg>${MONGO_URI}</arg>
<arg>${DB_NAME}</arg>
<doc>Connect to MongoDB and return a DB object</doc>
<status status="PASS" start="2025-11-10T22:42:11.093282" elapsed="0.013879"/>
</kw>
<kw name="Delete Transactions By Account" owner="MongoKeywords">
<msg time="2025-11-10T22:42:11.116951" level="INFO">${deleted} = 1</msg>
<var>${deleted}</var>
<arg>${COLLECTION_NAME}</arg>
<arg>${ACCOUNT_ID}</arg>
<status status="PASS" start="2025-11-10T22:42:11.107290" elapsed="0.009694"/>
</kw>
<kw name="Log To Console" owner="BuiltIn">
<arg>Deleted documents count: ${deleted}</arg>
<doc>Logs the given message to the console.</doc>
<status status="PASS" start="2025-11-10T22:42:11.117097" elapsed="0.000139"/>
</kw>
<kw name="Disconnect Mongo" owner="MongoKeywords">
<doc>Close the MongoDB connection</doc>
<status status="PASS" start="2025-11-10T22:42:11.117291" elapsed="0.001138"/>
</kw>
<status status="PASS" start="2025-11-10T22:42:11.093135" elapsed="0.025342"/>
</kw>
<kw name="Update Balance By Amount" owner="mongoDatabaseKeywords">
<kw name="Connect To Mongo" owner="MongoKeywords">
<arg>${MONGO_URI}</arg>
<arg>${DB_NAME}</arg>
<doc>Connect to MongoDB and return a DB object</doc>
<status status="PASS" start="2025-11-10T22:42:11.118710" elapsed="0.000891"/>
</kw>
<kw name="Update Account Balance By Amount" owner="MongoKeywords">
<msg time="2025-11-10T22:42:11.128243" level="INFO">${updated} = 0</msg>
<var>${updated}</var>
<arg>${COLLECTION_NAME}</arg>
<arg>${ACCOUNT_ID}</arg>
<arg>${amount}</arg>
<doc>Update balance to 0 for a given accountId</doc>
<status status="PASS" start="2025-11-10T22:42:11.119672" elapsed="0.008599"/>
</kw>
<kw name="Log To Console" owner="BuiltIn">
<arg>Balance updated for ${ACCOUNT_ID}, modified: ${updated}</arg>
<doc>Logs the given message to the console.</doc>
<status status="PASS" start="2025-11-10T22:42:11.128354" elapsed="0.000120"/>
</kw>
<kw name="Disconnect Mongo" owner="MongoKeywords">
<doc>Close the MongoDB connection</doc>
<status status="PASS" start="2025-11-10T22:42:11.128523" elapsed="0.000888"/>
</kw>
<arg>1000</arg>
<status status="PASS" start="2025-11-10T22:42:11.118586" elapsed="0.010862"/>
</kw>
<arg>Delete Transactions On Account</arg>
<arg>AND</arg>
<arg>Update Balance By Amount</arg>
<arg>1000</arg>
<doc>Executes all the given keywords in a sequence.</doc>
<status status="PASS" start="2025-11-10T22:42:11.092935" elapsed="0.036542"/>
</kw>
<kw name="Go To Transfer">
<kw name="Go To" owner="SeleniumLibrary">
<msg time="2025-11-10T22:42:11.129778" level="INFO">Opening url 'http://localhost:3000/account'</msg>
<arg>${BASE_URL}/account</arg>
<doc>Navigates the current browser window to the provided ``url``.</doc>
<status status="PASS" start="2025-11-10T22:42:11.129710" elapsed="0.020657"/>
</kw>
<kw name="Wait Until Page Contains Element" owner="SeleniumLibrary">
<arg>xpath=//h2[text()="Transfer"]</arg>
<doc>Waits until the element ``locator`` appears on the current page.</doc>
<status status="PASS" start="2025-11-10T22:42:11.150516" elapsed="0.005766"/>
</kw>
<kw name="Scroll Element Into View" owner="SeleniumLibrary">
<arg>xpath=//h2[text()="Transfer"]</arg>
<doc>Scrolls the element identified by ``locator`` into view.</doc>
<status status="PASS" start="2025-11-10T22:42:11.156392" elapsed="0.272007"/>
</kw>
<status status="PASS" start="2025-11-10T22:42:11.129599" elapsed="0.299027"/>
</kw>
<kw name="Get Balance">
<kw name="Get Text" owner="SeleniumLibrary">
<msg time="2025-11-10T22:42:11.452547" level="INFO">${bal_text} = 1000</msg>
<var>${bal_text}</var>
<arg>xpath=(//h2[text()="Balance:"]/following-sibling::h1)[1]</arg>
<doc>Returns the text value of the element identified by ``locator``.</doc>
<status status="PASS" start="2025-11-10T22:42:11.429825" elapsed="0.022774"/>
</kw>
<kw name="Convert To Integer" owner="BuiltIn">
<msg time="2025-11-10T22:42:11.453015" level="INFO">${bal} = 1000</msg>
<var>${bal}</var>
<arg>${bal_text}</arg>
<doc>Converts the given item to an integer number.</doc>
<status status="PASS" start="2025-11-10T22:42:11.452798" elapsed="0.000238"/>
</kw>
<return>
<value>${bal}</value>
<status status="PASS" start="2025-11-10T22:42:11.453105" elapsed="0.000121"/>
</return>
<msg time="2025-11-10T22:42:11.453352" level="INFO">${old_balance} = 1000</msg>
<var>${old_balance}</var>
<status status="PASS" start="2025-11-10T22:42:11.429256" elapsed="0.024115"/>
</kw>
<kw name="Log To Console" owner="BuiltIn">
<arg>Balance before transfer: ${old_balance}</arg>
<doc>Logs the given message to the console.</doc>
<status status="PASS" start="2025-11-10T22:42:11.453518" elapsed="0.000121"/>
</kw>
<kw name="Submit Transfer">
<kw name="Input Text" owner="SeleniumLibrary">
<msg time="2025-11-10T22:42:11.454286" level="INFO">Typing text '2222222222' into text field 'xpath=//h2[text()="Transfer"]/following::input[@cid="t1"][1]'.</msg>
<arg>xpath=//h2[text()="Transfer"]/following::input[@cid="t1"][1]</arg>
<arg>${acc}</arg>
<doc>Types the given ``text`` into the text field identified by ``locator``.</doc>
<status status="PASS" start="2025-11-10T22:42:11.454024" elapsed="0.034887"/>
</kw>
<kw name="Input Text" owner="SeleniumLibrary">
<msg time="2025-11-10T22:42:11.489189" level="INFO">Typing text '300' into text field 'xpath=//h2[text()="Transfer"]/following::input[@cid="t2"][1]'.</msg>
<arg>xpath=//h2[text()="Transfer"]/following::input[@cid="t2"][1]</arg>
<arg>${amount}</arg>
<doc>Types the given ``text`` into the text field identified by ``locator``.</doc>
<status status="PASS" start="2025-11-10T22:42:11.489028" elapsed="0.024582"/>
</kw>
<kw name="Execute Javascript" owner="SeleniumLibrary">
<msg time="2025-11-10T22:42:11.513993" level="INFO">Executing JavaScript:
document.querySelector('button[cid="tc"]').click()
Without any arguments.</msg>
<arg>document.querySelector('button[cid="tc"]').click()</arg>
<doc>Executes the given JavaScript code with possible arguments.</doc>
<status status="PASS" start="2025-11-10T22:42:11.513725" elapsed="0.003922"/>
</kw>
<kw name="Sleep" owner="BuiltIn">
<msg time="2025-11-10T22:42:12.519172" level="INFO">Slept 1 second.</msg>
<arg>1s</arg>
<doc>Pauses the test executed for the given time.</doc>
<status status="PASS" start="2025-11-10T22:42:11.517753" elapsed="1.001655"/>
</kw>
<arg>${TARGET_VALID}</arg>
<arg>${AMOUNT_VALID}</arg>
<status status="PASS" start="2025-11-10T22:42:11.453795" elapsed="1.065826"/>
</kw>
<kw name="Validate Success">
<kw name="Wait Until Page Contains" owner="SeleniumLibrary">
<arg>Confirm</arg>
<arg>timeout=5s</arg>
<doc>Waits until ``text`` appears on the current page.</doc>
<status status="PASS" start="2025-11-10T22:42:12.520629" elapsed="0.019150"/>
</kw>
<status status="PASS" start="2025-11-10T22:42:12.520110" elapsed="0.019848"/>
</kw>
<kw name="Sleep" owner="BuiltIn">
<msg time="2025-11-10T22:42:14.541265" level="INFO">Slept 2 seconds.</msg>
<arg>2s</arg>
<doc>Pauses the test executed for the given time.</doc>
<status status="PASS" start="2025-11-10T22:42:12.540205" elapsed="2.001518"/>
</kw>
<kw name="Reload Page" owner="SeleniumLibrary">
<doc>Simulates user reloading page.</doc>
<status status="PASS" start="2025-11-10T22:42:14.542309" elapsed="0.038948"/>
</kw>
<kw name="Verify Balance On Title" owner="cubankCommonKeywords">
<kw name="Wait Until Element Is Visible" owner="SeleniumLibrary">
<arg>//*[@id="root"]/div/div/div/div[2]/article/h1[3]</arg>
<doc>Waits until the element ``locator`` is visible.</doc>
<status status="PASS" start="2025-11-10T22:42:14.581705" elapsed="0.014433"/>
</kw>
<kw name="Wait Until Element Contains" owner="SeleniumLibrary">
<arg>//*[@id="root"]/div/div/div/div[2]/article/h1[3]</arg>
<arg>${balance}</arg>
<doc>Waits until the element ``locator`` contains ``text``.</doc>
<status status="PASS" start="2025-11-10T22:42:14.596249" elapsed="0.005496"/>
</kw>
<arg>balance=700</arg>
<status status="PASS" start="2025-11-10T22:42:14.581483" elapsed="0.020311"/>
</kw>
<kw name="Verify History transaction should correct" owner="cubankCommonKeywords">
<kw name="Set Variable" owner="BuiltIn">
<msg time="2025-11-10T22:42:14.602411" level="INFO">${index} = 1</msg>
<var>${index}</var>
<arg>1</arg>
<doc>Returns the given values which can then be assigned to a variables.</doc>
<status status="PASS" start="2025-11-10T22:42:14.602342" elapsed="0.000085"/>
</kw>
<for flavor="IN">
<iter>
<kw name="Wait Until Element Is Visible" owner="SeleniumLibrary">
<arg>xpath=//div[@class="history-list"]/div[@class="account-form"]/div[${index}]</arg>
<doc>Waits until the element ``locator`` is visible.</doc>
<status status="PASS" start="2025-11-10T22:42:14.602651" elapsed="0.007356"/>
</kw>
<kw name="Wait Until Element Is Visible" owner="SeleniumLibrary">
<arg>xpath=//div[@class="history-list"]/div[@class="account-form"]/div[${index}]</arg>
<doc>Waits until the element ``locator`` is visible.</doc>
<status status="PASS" start="2025-11-10T22:42:14.610112" elapsed="0.004183"/>
</kw>
<kw name="Get Text" owner="SeleniumLibrary">
<msg time="2025-11-10T22:42:14.621159" level="INFO">${actual_type} = transfer to</msg>
<var>${actual_type}</var>
<arg>xpath=(//div[@class="history-list"]/div[@class="account-form"]/div/div[@class="Card_card__1d4RB"]/div)[${index}]/h2[1]</arg>
<doc>Returns the text value of the element identified by ``locator``.</doc>
<status status="PASS" start="2025-11-10T22:42:14.614360" elapsed="0.006830"/>
</kw>
<kw name="Get Text" owner="SeleniumLibrary">
<msg time="2025-11-10T22:42:14.629904" level="INFO">${actual_amount} = amount: 300</msg>
<var>${actual_amount}</var>
<arg>xpath=(//div[@class="history-list"]/div[@class="account-form"]/div/div[@class="Card_card__1d4RB"]/div)[${index}]/p[3]</arg>
<doc>Returns the text value of the element identified by ``locator``.</doc>
<status status="PASS" start="2025-11-10T22:42:14.621382" elapsed="0.008545"/>
</kw>
<kw name="Get Text" owner="SeleniumLibrary">
<msg time="2025-11-10T22:42:14.636361" level="INFO">${actual_balance} = balance: 700</msg>
<var>${actual_balance}</var>
<arg>xpath=(//div[@class="history-list"]/div[@class="account-form"]/div/div[@class="Card_card__1d4RB"]/div)[${index}]/p[4]</arg>
<doc>Returns the text value of the element identified by ``locator``.</doc>
<status status="PASS" start="2025-11-10T22:42:14.630017" elapsed="0.006362"/>
</kw>
<kw name="Should Contain" owner="BuiltIn">
<arg>${actual_type}</arg>
<arg>${expected_history_txn.type}</arg>
<doc>Fails if ``container`` does not contain ``item`` one or more times.</doc>
<status status="PASS" start="2025-11-10T22:42:14.636451" elapsed="0.000295"/>
</kw>
<kw name="Should Contain" owner="BuiltIn">
<arg>${actual_amount}</arg>
<arg>amount: ${expected_history_txn.amount}</arg>
<doc>Fails if ``container`` does not contain ``item`` one or more times.</doc>
<status status="PASS" start="2025-11-10T22:42:14.636788" elapsed="0.000186"/>
</kw>
<kw name="Should Contain" owner="BuiltIn">
<arg>${actual_balance}</arg>
<arg>balance: ${expected_history_txn.balance}</arg>
<doc>Fails if ``container`` does not contain ``item`` one or more times.</doc>
<status status="PASS" start="2025-11-10T22:42:14.637013" elapsed="0.000159"/>
</kw>
<kw name="Evaluate" owner="BuiltIn">
<msg time="2025-11-10T22:42:14.637287" level="INFO">${index} = 2</msg>
<var>${index}</var>
<arg>${index} + 1</arg>
<doc>Evaluates the given expression in Python and returns the result.</doc>
<status status="PASS" start="2025-11-10T22:42:14.637212" elapsed="0.000085"/>
</kw>
<var name="${expected_history_txn}">{'type': 'transfer to', 'target': '2222222222', 'amount': 300, 'balance': 700}</var>
<status status="PASS" start="2025-11-10T22:42:14.602600" elapsed="0.034713"/>
</iter>
<var>${expected_history_txn}</var>
<value>@{expected_data}</value>
<status status="PASS" start="2025-11-10T22:42:14.602475" elapsed="0.034869"/>
</for>
<arg>expected_data=${scenerio5.TC_001.expected_history}</arg>
<status status="PASS" start="2025-11-10T22:42:14.601969" elapsed="0.035412"/>
</kw>
<status status="PASS" start="2025-11-10T22:42:11.092297" elapsed="3.545226"/>
</test>
<test id="s1-t2" name="TC002 โอนจำนวนเท่ายอดคงเหลือ (A1,B2)" line="84">
<kw name="Run Keywords" owner="BuiltIn" type="SETUP">
<kw name="Delete Transactions On Account" owner="mongoDatabaseKeywords">
<kw name="Connect To Mongo" owner="MongoKeywords">
<arg>${MONGO_URI}</arg>
<arg>${DB_NAME}</arg>
<doc>Connect to MongoDB and return a DB object</doc>
<status status="PASS" start="2025-11-10T22:42:14.638803" elapsed="0.000702"/>
</kw>
<kw name="Delete Transactions By Account" owner="MongoKeywords">
<msg time="2025-11-10T22:42:14.644773" level="INFO">${deleted} = 1</msg>
<var>${deleted}</var>
<arg>${COLLECTION_NAME}</arg>
<arg>${ACCOUNT_ID}</arg>
<status status="PASS" start="2025-11-10T22:42:14.639559" elapsed="0.005233"/>
</kw>
<kw name="Log To Console" owner="BuiltIn">
<arg>Deleted documents count: ${deleted}</arg>
<doc>Logs the given message to the console.</doc>
<status status="PASS" start="2025-11-10T22:42:14.644854" elapsed="0.000075"/>
</kw>
<kw name="Disconnect Mongo" owner="MongoKeywords">
<doc>Close the MongoDB connection</doc>
<status status="PASS" start="2025-11-10T22:42:14.644970" elapsed="0.000384"/>
</kw>
<status status="PASS" start="2025-11-10T22:42:14.638701" elapsed="0.006682"/>
</kw>
<kw name="Update Balance By Amount" owner="mongoDatabaseKeywords">
<kw name="Connect To Mongo" owner="MongoKeywords">
<arg>${MONGO_URI}</arg>
<arg>${DB_NAME}</arg>
<doc>Connect to MongoDB and return a DB object</doc>
<status status="PASS" start="2025-11-10T22:42:14.645543" elapsed="0.000574"/>
</kw>
<kw name="Update Account Balance By Amount" owner="MongoKeywords">
<msg time="2025-11-10T22:42:14.650160" level="INFO">${updated} = 1</msg>
<var>${updated}</var>
<arg>${COLLECTION_NAME}</arg>
<arg>${ACCOUNT_ID}</arg>
<arg>${amount}</arg>
<doc>Update balance to 0 for a given accountId</doc>
<status status="PASS" start="2025-11-10T22:42:14.646178" elapsed="0.004003"/>
</kw>
<kw name="Log To Console" owner="BuiltIn">
<arg>Balance updated for ${ACCOUNT_ID}, modified: ${updated}</arg>
<doc>Logs the given message to the console.</doc>
<status status="PASS" start="2025-11-10T22:42:14.650253" elapsed="0.000098"/>
</kw>
<kw name="Disconnect Mongo" owner="MongoKeywords">
<doc>Close the MongoDB connection</doc>
<status status="PASS" start="2025-11-10T22:42:14.650392" elapsed="0.000442"/>
</kw>
<arg>1000</arg>
<status status="PASS" start="2025-11-10T22:42:14.645453" elapsed="0.005415"/>
</kw>
<arg>Delete Transactions On Account</arg>
<arg>AND</arg>
<arg>Update Balance By Amount</arg>
<arg>1000</arg>
<doc>Executes all the given keywords in a sequence.</doc>
<status status="PASS" start="2025-11-10T22:42:14.638575" elapsed="0.012319"/>
</kw>
<kw name="Go To Transfer">
<kw name="Go To" owner="SeleniumLibrary">
<msg time="2025-11-10T22:42:14.651147" level="INFO">Opening url 'http://localhost:3000/account'</msg>
<arg>${BASE_URL}/account</arg>
<doc>Navigates the current browser window to the provided ``url``.</doc>
<status status="PASS" start="2025-11-10T22:42:14.651089" elapsed="0.016439"/>
</kw>
<kw name="Wait Until Page Contains Element" owner="SeleniumLibrary">
<arg>xpath=//h2[text()="Transfer"]</arg>
<doc>Waits until the element ``locator`` appears on the current page.</doc>
<status status="PASS" start="2025-11-10T22:42:14.667630" elapsed="0.003534"/>
</kw>
<kw name="Scroll Element Into View" owner="SeleniumLibrary">
<arg>xpath=//h2[text()="Transfer"]</arg>
<doc>Scrolls the element identified by ``locator`` into view.</doc>
<status status="PASS" start="2025-11-10T22:42:14.671373" elapsed="0.273799"/>
</kw>
<status status="PASS" start="2025-11-10T22:42:14.650989" elapsed="0.294389"/>
</kw>
<kw name="Get Balance">
<kw name="Get Text" owner="SeleniumLibrary">
<msg time="2025-11-10T22:42:14.962368" level="INFO">${bal_text} = 1000</msg>
<var>${bal_text}</var>
<arg>xpath=(//h2[text()="Balance:"]/following-sibling::h1)[1]</arg>
<doc>Returns the text value of the element identified by ``locator``.</doc>
<status status="PASS" start="2025-11-10T22:42:14.946165" elapsed="0.016256"/>
</kw>
<kw name="Convert To Integer" owner="BuiltIn">
<msg time="2025-11-10T22:42:14.962835" level="INFO">${bal} = 1000</msg>
<var>${bal}</var>
<arg>${bal_text}</arg>
<doc>Converts the given item to an integer number.</doc>
<status status="PASS" start="2025-11-10T22:42:14.962615" elapsed="0.000242"/>
</kw>
<return>
<value>${bal}</value>
<status status="PASS" start="2025-11-10T22:42:14.962909" elapsed="0.000077"/>
</return>
<msg time="2025-11-10T22:42:14.963100" level="INFO">${old_balance} = 1000</msg>
<var>${old_balance}</var>
<status status="PASS" start="2025-11-10T22:42:14.945786" elapsed="0.017333"/>
</kw>
<kw name="Log To Console" owner="BuiltIn">
<arg>Balance before transfer: ${old_balance}</arg>
<doc>Logs the given message to the console.</doc>
<status status="PASS" start="2025-11-10T22:42:14.963273" elapsed="0.000125"/>
</kw>
<kw name="Submit Transfer">
<kw name="Input Text" owner="SeleniumLibrary">
<msg time="2025-11-10T22:42:14.963954" level="INFO">Typing text '2222222222' into text field 'xpath=//h2[text()="Transfer"]/following::input[@cid="t1"][1]'.</msg>
<arg>xpath=//h2[text()="Transfer"]/following::input[@cid="t1"][1]</arg>
<arg>${acc}</arg>
<doc>Types the given ``text`` into the text field identified by ``locator``.</doc>
<status status="PASS" start="2025-11-10T22:42:14.963783" elapsed="0.038388"/>
</kw>
<kw name="Input Text" owner="SeleniumLibrary">
<msg time="2025-11-10T22:42:15.002429" level="INFO">Typing text '1000' into text field 'xpath=//h2[text()="Transfer"]/following::input[@cid="t2"][1]'.</msg>
<arg>xpath=//h2[text()="Transfer"]/following::input[@cid="t2"][1]</arg>
<arg>${amount}</arg>
<doc>Types the given ``text`` into the text field identified by ``locator``.</doc>
<status status="PASS" start="2025-11-10T22:42:15.002288" elapsed="0.035341"/>
</kw>
<kw name="Execute Javascript" owner="SeleniumLibrary">
<msg time="2025-11-10T22:42:15.037989" level="INFO">Executing JavaScript:
document.querySelector('button[cid="tc"]').click()
Without any arguments.</msg>
<arg>document.querySelector('button[cid="tc"]').click()</arg>
<doc>Executes the given JavaScript code with possible arguments.</doc>
<status status="PASS" start="2025-11-10T22:42:15.037744" elapsed="0.002649"/>
</kw>
<kw name="Sleep" owner="BuiltIn">
<msg time="2025-11-10T22:42:16.041127" level="INFO">Slept 1 second.</msg>
<arg>1s</arg>
<doc>Pauses the test executed for the given time.</doc>
<status status="PASS" start="2025-11-10T22:42:15.040459" elapsed="1.001017"/>
</kw>
<arg>${TARGET_VALID}</arg>
<arg>${old_balance}</arg>
<status status="PASS" start="2025-11-10T22:42:14.963548" elapsed="1.078234"/>
</kw>
<kw name="Validate Success">
<kw name="Wait Until Page Contains" owner="SeleniumLibrary">
<arg>Confirm</arg>
<arg>timeout=5s</arg>
<doc>Waits until ``text`` appears on the current page.</doc>
<status status="PASS" start="2025-11-10T22:42:16.042999" elapsed="0.010093"/>
</kw>
<status status="PASS" start="2025-11-10T22:42:16.042374" elapsed="0.010885"/>
</kw>
<kw name="Sleep" owner="BuiltIn">
<msg time="2025-11-10T22:42:18.055877" level="INFO">Slept 2 seconds.</msg>
<arg>2s</arg>
<doc>Pauses the test executed for the given time.</doc>
<status status="PASS" start="2025-11-10T22:42:16.053536" elapsed="2.003911"/>
</kw>
<kw name="Reload Page" owner="SeleniumLibrary">
<doc>Simulates user reloading page.</doc>
<status status="PASS" start="2025-11-10T22:42:18.060046" elapsed="0.025874"/>
</kw>
<kw name="Verify Balance On Title" owner="cubankCommonKeywords">
<kw name="Wait Until Element Is Visible" owner="SeleniumLibrary">
<arg>//*[@id="root"]/div/div/div/div[2]/article/h1[3]</arg>
<doc>Waits until the element ``locator`` is visible.</doc>
<status status="PASS" start="2025-11-10T22:42:18.092909" elapsed="0.041786"/>
</kw>
<kw name="Wait Until Element Contains" owner="SeleniumLibrary">
<arg>//*[@id="root"]/div/div/div/div[2]/article/h1[3]</arg>
<arg>${balance}</arg>
<doc>Waits until the element ``locator`` contains ``text``.</doc>
<status status="PASS" start="2025-11-10T22:42:18.134817" elapsed="0.022756"/>
</kw>
<arg>balance=0</arg>
<status status="PASS" start="2025-11-10T22:42:18.090944" elapsed="0.067236"/>
</kw>
<kw name="Verify History transaction should correct" owner="cubankCommonKeywords">
<kw name="Set Variable" owner="BuiltIn">
<msg time="2025-11-10T22:42:18.168070" level="INFO">${index} = 1</msg>
<var>${index}</var>
<arg>1</arg>
<doc>Returns the given values which can then be assigned to a variables.</doc>
<status status="PASS" start="2025-11-10T22:42:18.167370" elapsed="0.000807"/>
</kw>
<for flavor="IN">
<iter>
<kw name="Wait Until Element Is Visible" owner="SeleniumLibrary">
<arg>xpath=//div[@class="history-list"]/div[@class="account-form"]/div[${index}]</arg>
<doc>Waits until the element ``locator`` is visible.</doc>
<status status="PASS" start="2025-11-10T22:42:18.170217" elapsed="0.011493"/>
</kw>
<kw name="Wait Until Element Is Visible" owner="SeleniumLibrary">
<arg>xpath=//div[@class="history-list"]/div[@class="account-form"]/div[${index}]</arg>
<doc>Waits until the element ``locator`` is visible.</doc>
<status status="PASS" start="2025-11-10T22:42:18.181932" elapsed="0.007518"/>
</kw>
<kw name="Get Text" owner="SeleniumLibrary">
<msg time="2025-11-10T22:42:18.195331" level="INFO">${actual_type} = transfer to</msg>
<var>${actual_type}</var>
<arg>xpath=(//div[@class="history-list"]/div[@class="account-form"]/div/div[@class="Card_card__1d4RB"]/div)[${index}]/h2[1]</arg>
<doc>Returns the text value of the element identified by ``locator``.</doc>
<status status="PASS" start="2025-11-10T22:42:18.189616" elapsed="0.005736"/>
</kw>
<kw name="Get Text" owner="SeleniumLibrary">
<msg time="2025-11-10T22:42:18.201709" level="INFO">${actual_amount} = amount: 1000</msg>
<var>${actual_amount}</var>
<arg>xpath=(//div[@class="history-list"]/div[@class="account-form"]/div/div[@class="Card_card__1d4RB"]/div)[${index}]/p[3]</arg>
<doc>Returns the text value of the element identified by ``locator``.</doc>
<status status="PASS" start="2025-11-10T22:42:18.195822" elapsed="0.005905"/>
</kw>
<kw name="Get Text" owner="SeleniumLibrary">
<msg time="2025-11-10T22:42:18.206210" level="INFO">${actual_balance} = balance: 0</msg>
<var>${actual_balance}</var>
<arg>xpath=(//div[@class="history-list"]/div[@class="account-form"]/div/div[@class="Card_card__1d4RB"]/div)[${index}]/p[4]</arg>
<doc>Returns the text value of the element identified by ``locator``.</doc>
<status status="PASS" start="2025-11-10T22:42:18.201795" elapsed="0.004430"/>
</kw>
<kw name="Should Contain" owner="BuiltIn">
<arg>${actual_type}</arg>
<arg>${expected_history_txn.type}</arg>
<doc>Fails if ``container`` does not contain ``item`` one or more times.</doc>
<status status="PASS" start="2025-11-10T22:42:18.206290" elapsed="0.000289"/>
</kw>
<kw name="Should Contain" owner="BuiltIn">
<arg>${actual_amount}</arg>
<arg>amount: ${expected_history_txn.amount}</arg>
<doc>Fails if ``container`` does not contain ``item`` one or more times.</doc>
<status status="PASS" start="2025-11-10T22:42:18.206630" elapsed="0.000177"/>
</kw>
<kw name="Should Contain" owner="BuiltIn">
<arg>${actual_balance}</arg>
<arg>balance: ${expected_history_txn.balance}</arg>
<doc>Fails if ``container`` does not contain ``item`` one or more times.</doc>
<status status="PASS" start="2025-11-10T22:42:18.206851" elapsed="0.000168"/>
</kw>
<kw name="Evaluate" owner="BuiltIn">
<msg time="2025-11-10T22:42:18.207143" level="INFO">${index} = 2</msg>
<var>${index}</var>
<arg>${index} + 1</arg>
<doc>Evaluates the given expression in Python and returns the result.</doc>
<status status="PASS" start="2025-11-10T22:42:18.207058" elapsed="0.000095"/>
</kw>
<var name="${expected_history_txn}">{'type': 'transfer to', 'target': '2222222222', 'amount': 1000, 'balance': 0}</var>
<status status="PASS" start="2025-11-10T22:42:18.169604" elapsed="0.037565"/>
</iter>
<var>${expected_history_txn}</var>
<value>@{expected_data}</value>
<status status="PASS" start="2025-11-10T22:42:18.168659" elapsed="0.038537"/>
</for>
<arg>expected_data=${scenerio5.TC_002.expected_history}</arg>
<status status="PASS" start="2025-11-10T22:42:18.159169" elapsed="0.048069"/>
</kw>
<status status="PASS" start="2025-11-10T22:42:14.637941" elapsed="3.569413"/>
</test>
<test id="s1-t3" name="TC003 ยอดเงินไม่พอ (A1,B3)" line="98">
<kw name="Update Balance By Amount" owner="mongoDatabaseKeywords" type="SETUP">
<kw name="Connect To Mongo" owner="MongoKeywords">
<arg>${MONGO_URI}</arg>
<arg>${DB_NAME}</arg>
<doc>Connect to MongoDB and return a DB object</doc>
<status status="PASS" start="2025-11-10T22:42:18.208057" elapsed="0.002479"/>
</kw>
<kw name="Update Account Balance By Amount" owner="MongoKeywords">
<msg time="2025-11-10T22:42:18.235198" level="INFO">${updated} = 1</msg>
<var>${updated}</var>
<arg>${COLLECTION_NAME}</arg>
<arg>${ACCOUNT_ID}</arg>
<arg>${amount}</arg>
<doc>Update balance to 0 for a given accountId</doc>
<status status="PASS" start="2025-11-10T22:42:18.210577" elapsed="0.024646"/>
</kw>
<kw name="Log To Console" owner="BuiltIn">
<arg>Balance updated for ${ACCOUNT_ID}, modified: ${updated}</arg>
<doc>Logs the given message to the console.</doc>
<status status="PASS" start="2025-11-10T22:42:18.235303" elapsed="0.000108"/>
</kw>
<kw name="Disconnect Mongo" owner="MongoKeywords">
<doc>Close the MongoDB connection</doc>
<status status="PASS" start="2025-11-10T22:42:18.235455" elapsed="0.000495"/>
</kw>
<arg>1000</arg>
<status status="PASS" start="2025-11-10T22:42:18.207968" elapsed="0.028011"/>
</kw>
<kw name="Go To Transfer">
<kw name="Go To" owner="SeleniumLibrary">
<msg time="2025-11-10T22:42:18.236216" level="INFO">Opening url 'http://localhost:3000/account'</msg>
<arg>${BASE_URL}/account</arg>
<doc>Navigates the current browser window to the provided ``url``.</doc>
<status status="PASS" start="2025-11-10T22:42:18.236157" elapsed="0.021155"/>
</kw>
<kw name="Wait Until Page Contains Element" owner="SeleniumLibrary">
<arg>xpath=//h2[text()="Transfer"]</arg>
<doc>Waits until the element ``locator`` appears on the current page.</doc>
<status status="PASS" start="2025-11-10T22:42:18.257437" elapsed="0.003448"/>
</kw>
<kw name="Scroll Element Into View" owner="SeleniumLibrary">
<arg>xpath=//h2[text()="Transfer"]</arg>
<doc>Scrolls the element identified by ``locator`` into view.</doc>
<status status="PASS" start="2025-11-10T22:42:18.260998" elapsed="0.267995"/>
</kw>
<status status="PASS" start="2025-11-10T22:42:18.236072" elapsed="0.293110"/>
</kw>
<kw name="Submit Transfer">
<kw name="Input Text" owner="SeleniumLibrary">
<msg time="2025-11-10T22:42:18.530861" level="INFO">Typing text '2222222222' into text field 'xpath=//h2[text()="Transfer"]/following::input[@cid="t1"][1]'.</msg>
<arg>xpath=//h2[text()="Transfer"]/following::input[@cid="t1"][1]</arg>
<arg>${acc}</arg>
<doc>Types the given ``text`` into the text field identified by ``locator``.</doc>
<status status="PASS" start="2025-11-10T22:42:18.530375" elapsed="0.044473"/>
</kw>
<kw name="Input Text" owner="SeleniumLibrary">
<msg time="2025-11-10T22:42:18.575104" level="INFO">Typing text '20000' into text field 'xpath=//h2[text()="Transfer"]/following::input[@cid="t2"][1]'.</msg>
<arg>xpath=//h2[text()="Transfer"]/following::input[@cid="t2"][1]</arg>
<arg>${amount}</arg>
<doc>Types the given ``text`` into the text field identified by ``locator``.</doc>
<status status="PASS" start="2025-11-10T22:42:18.574959" elapsed="0.021026"/>
</kw>
<kw name="Execute Javascript" owner="SeleniumLibrary">
<msg time="2025-11-10T22:42:18.596357" level="INFO">Executing JavaScript:
document.querySelector('button[cid="tc"]').click()
Without any arguments.</msg>
<arg>document.querySelector('button[cid="tc"]').click()</arg>
<doc>Executes the given JavaScript code with possible arguments.</doc>
<status status="PASS" start="2025-11-10T22:42:18.596092" elapsed="0.002125"/>
</kw>
<kw name="Sleep" owner="BuiltIn">
<msg time="2025-11-10T22:42:19.600848" level="INFO">Slept 1 second.</msg>
<arg>1s</arg>
<doc>Pauses the test executed for the given time.</doc>
<status status="PASS" start="2025-11-10T22:42:18.598282" elapsed="1.002864"/>
</kw>
<arg>${TARGET_VALID}</arg>
<arg>${AMOUNT_OVER}</arg>
<status status="PASS" start="2025-11-10T22:42:18.529556" elapsed="1.071871"/>
</kw>
<kw name="Validate Error">
<kw name="Wait Until Element Is Visible" owner="SeleniumLibrary">
<arg>css:[cid="transfer-error-mes"]</arg>
<arg>timeout=5s</arg>
<doc>Waits until the element ``locator`` is visible.</doc>
<status status="PASS" start="2025-11-10T22:42:19.602956" elapsed="0.024661"/>
</kw>
<kw name="Get Text" owner="SeleniumLibrary">
<msg time="2025-11-10T22:42:19.636438" level="INFO">${txt} = Your balance is not enough to complete the transfer.</msg>
<var>${txt}</var>
<arg>css:[cid="transfer-error-mes"]</arg>
<doc>Returns the text value of the element identified by ``locator``.</doc>
<status status="PASS" start="2025-11-10T22:42:19.627850" elapsed="0.008628"/>
</kw>
<kw name="Should Be Equal As Strings" owner="BuiltIn">
<arg>${txt}</arg>
<arg>${msg}</arg>
<doc>Fails if objects are unequal after converting them to strings.</doc>
<status status="PASS" start="2025-11-10T22:42:19.636618" elapsed="0.000205"/>
</kw>
<arg>Your balance is not enough to complete the transfer.</arg>
<status status="PASS" start="2025-11-10T22:42:19.602158" elapsed="0.034717"/>
</kw>
<status status="PASS" start="2025-11-10T22:42:18.207711" elapsed="1.429285"/>
</test>
<test id="s1-t4" name="TC004 จำนวนเงินต้องมากกว่า 0 (A1,B4)" line="105">
<kw name="Go To Transfer">
<kw name="Go To" owner="SeleniumLibrary">
<msg time="2025-11-10T22:42:19.638173" level="INFO">Opening url 'http://localhost:3000/account'</msg>
<arg>${BASE_URL}/account</arg>
<doc>Navigates the current browser window to the provided ``url``.</doc>
<status status="PASS" start="2025-11-10T22:42:19.638077" elapsed="0.024463"/>
</kw>
<kw name="Wait Until Page Contains Element" owner="SeleniumLibrary">
<arg>xpath=//h2[text()="Transfer"]</arg>
<doc>Waits until the element ``locator`` appears on the current page.</doc>
<status status="PASS" start="2025-11-10T22:42:19.662665" elapsed="0.003936"/>
</kw>
<kw name="Scroll Element Into View" owner="SeleniumLibrary">
<arg>xpath=//h2[text()="Transfer"]</arg>
<doc>Scrolls the element identified by ``locator`` into view.</doc>
<status status="PASS" start="2025-11-10T22:42:19.666710" elapsed="0.276627"/>
</kw>
<status status="PASS" start="2025-11-10T22:42:19.637899" elapsed="0.305628"/>
</kw>
<kw name="Submit Transfer">
<kw name="Input Text" owner="SeleniumLibrary">
<msg time="2025-11-10T22:42:19.944793" level="INFO">Typing text '2222222222' into text field 'xpath=//h2[text()="Transfer"]/following::input[@cid="t1"][1]'.</msg>
<arg>xpath=//h2[text()="Transfer"]/following::input[@cid="t1"][1]</arg>
<arg>${acc}</arg>
<doc>Types the given ``text`` into the text field identified by ``locator``.</doc>
<status status="PASS" start="2025-11-10T22:42:19.944461" elapsed="0.044471"/>
</kw>
<kw name="Input Text" owner="SeleniumLibrary">
<msg time="2025-11-10T22:42:19.989247" level="INFO">Typing text '0' into text field 'xpath=//h2[text()="Transfer"]/following::input[@cid="t2"][1]'.</msg>
<arg>xpath=//h2[text()="Transfer"]/following::input[@cid="t2"][1]</arg>
<arg>${amount}</arg>
<doc>Types the given ``text`` into the text field identified by ``locator``.</doc>
<status status="PASS" start="2025-11-10T22:42:19.989075" elapsed="0.025828"/>
</kw>
<kw name="Execute Javascript" owner="SeleniumLibrary">
<msg time="2025-11-10T22:42:20.015222" level="INFO">Executing JavaScript:
document.querySelector('button[cid="tc"]').click()
Without any arguments.</msg>
<arg>document.querySelector('button[cid="tc"]').click()</arg>
<doc>Executes the given JavaScript code with possible arguments.</doc>
<status status="PASS" start="2025-11-10T22:42:20.015009" elapsed="0.002233"/>
</kw>
<kw name="Sleep" owner="BuiltIn">
<msg time="2025-11-10T22:42:21.018134" level="INFO">Slept 1 second.</msg>
<arg>1s</arg>
<doc>Pauses the test executed for the given time.</doc>
<status status="PASS" start="2025-11-10T22:42:20.017310" elapsed="1.001061"/>
</kw>
<arg>${TARGET_VALID}</arg>
<arg>${AMOUNT_ZERO}</arg>
<status status="PASS" start="2025-11-10T22:42:19.943898" elapsed="1.074651"/>
</kw>
<kw name="Validate Error">
<kw name="Wait Until Element Is Visible" owner="SeleniumLibrary">
<arg>css:[cid="transfer-error-mes"]</arg>
<arg>timeout=5s</arg>
<doc>Waits until the element ``locator`` is visible.</doc>
<status status="PASS" start="2025-11-10T22:42:21.019452" elapsed="0.020444"/>
</kw>
<kw name="Get Text" owner="SeleniumLibrary">
<msg time="2025-11-10T22:42:21.048562" level="INFO">${txt} = The amount must be greater than 0. Please enter a positive number.</msg>
<var>${txt}</var>
<arg>css:[cid="transfer-error-mes"]</arg>
<doc>Returns the text value of the element identified by ``locator``.</doc>
<status status="PASS" start="2025-11-10T22:42:21.040089" elapsed="0.008501"/>
</kw>
<kw name="Should Be Equal As Strings" owner="BuiltIn">
<arg>${txt}</arg>
<arg>${msg}</arg>
<doc>Fails if objects are unequal after converting them to strings.</doc>
<status status="PASS" start="2025-11-10T22:42:21.048687" elapsed="0.000142"/>
</kw>
<arg>The amount must be greater than 0. Please enter a positive number.</arg>
<status status="PASS" start="2025-11-10T22:42:21.018964" elapsed="0.029911"/>
</kw>
<status status="PASS" start="2025-11-10T22:42:19.637226" elapsed="1.411742"/>
</test>
<test id="s1-t5" name="TC005 จำนวนเงินต้องเป็นจำนวนเต็ม (A1,B5)" line="111">
<kw name="Go To Transfer">
<kw name="Go To" owner="SeleniumLibrary">
<msg time="2025-11-10T22:42:21.049796" level="INFO">Opening url 'http://localhost:3000/account'</msg>
<arg>${BASE_URL}/account</arg>
<doc>Navigates the current browser window to the provided ``url``.</doc>
<status status="PASS" start="2025-11-10T22:42:21.049717" elapsed="0.018076"/>
</kw>
<kw name="Wait Until Page Contains Element" owner="SeleniumLibrary">
<arg>xpath=//h2[text()="Transfer"]</arg>
<doc>Waits until the element ``locator`` appears on the current page.</doc>
<status status="PASS" start="2025-11-10T22:42:21.067895" elapsed="0.007017"/>
</kw>
<kw name="Scroll Element Into View" owner="SeleniumLibrary">
<arg>xpath=//h2[text()="Transfer"]</arg>
<doc>Scrolls the element identified by ``locator`` into view.</doc>
<status status="PASS" start="2025-11-10T22:42:21.075021" elapsed="0.270159"/>
</kw>
<status status="PASS" start="2025-11-10T22:42:21.049593" elapsed="0.295810"/>
</kw>
<kw name="Submit Transfer">
<kw name="Input Text" owner="SeleniumLibrary">
<msg time="2025-11-10T22:42:21.346748" level="INFO">Typing text '2222222222' into text field 'xpath=//h2[text()="Transfer"]/following::input[@cid="t1"][1]'.</msg>
<arg>xpath=//h2[text()="Transfer"]/following::input[@cid="t1"][1]</arg>
<arg>${acc}</arg>
<doc>Types the given ``text`` into the text field identified by ``locator``.</doc>
<status status="PASS" start="2025-11-10T22:42:21.346419" elapsed="0.048544"/>
</kw>
<kw name="Input Text" owner="SeleniumLibrary">
<msg time="2025-11-10T22:42:21.395244" level="INFO">Typing text '120.5' into text field 'xpath=//h2[text()="Transfer"]/following::input[@cid="t2"][1]'.</msg>
<arg>xpath=//h2[text()="Transfer"]/following::input[@cid="t2"][1]</arg>
<arg>${amount}</arg>
<doc>Types the given ``text`` into the text field identified by ``locator``.</doc>
<status status="PASS" start="2025-11-10T22:42:21.395088" elapsed="0.038314"/>
</kw>
<kw name="Execute Javascript" owner="SeleniumLibrary">
<msg time="2025-11-10T22:42:21.433706" level="INFO">Executing JavaScript:
document.querySelector('button[cid="tc"]').click()
Without any arguments.</msg>
<arg>document.querySelector('button[cid="tc"]').click()</arg>
<doc>Executes the given JavaScript code with possible arguments.</doc>
<status status="PASS" start="2025-11-10T22:42:21.433499" elapsed="0.002448"/>
</kw>
<kw name="Sleep" owner="BuiltIn">
<msg time="2025-11-10T22:42:22.436536" level="INFO">Slept 1 second.</msg>
<arg>1s</arg>
<doc>Pauses the test executed for the given time.</doc>
<status status="PASS" start="2025-11-10T22:42:21.436009" elapsed="1.000625"/>
</kw>
<arg>${TARGET_VALID}</arg>
<arg>${AMOUNT_DECIMAL}</arg>
<status status="PASS" start="2025-11-10T22:42:21.345845" elapsed="1.090855"/>
</kw>
<kw name="Validate Error">
<kw name="Wait Until Element Is Visible" owner="SeleniumLibrary">
<msg time="2025-11-10T22:42:27.658602" level="INFO" html="true">&lt;/td&gt;&lt;/tr&gt;&lt;tr&gt;&lt;td colspan="3"&gt;&lt;a href="selenium-screenshot-9.png"&gt;&lt;img src="selenium-screenshot-9.png" width="800px"&gt;&lt;/a&gt;</msg>
<msg time="2025-11-10T22:42:27.658704" level="FAIL">Element 'css:[cid="transfer-error-mes"]' not visible after 5 seconds.</msg>
<arg>css:[cid="transfer-error-mes"]</arg>
<arg>timeout=5s</arg>
<doc>Waits until the element ``locator`` is visible.</doc>
<status status="FAIL" start="2025-11-10T22:42:22.437030" elapsed="5.223126">Element 'css:[cid="transfer-error-mes"]' not visible after 5 seconds.</status>
</kw>
<kw name="Get Text" owner="SeleniumLibrary">
<var>${txt}</var>
<arg>css:[cid="transfer-error-mes"]</arg>
<doc>Returns the text value of the element identified by ``locator``.</doc>
<status status="NOT RUN" start="2025-11-10T22:42:27.660248" elapsed="0.000016"/>
</kw>
<kw name="Should Be Equal As Strings" owner="BuiltIn">
<arg>${txt}</arg>
<arg>${msg}</arg>
<doc>Fails if objects are unequal after converting them to strings.</doc>
<status status="NOT RUN" start="2025-11-10T22:42:27.660301" elapsed="0.000009"/>
</kw>
<arg>The balance amount must be a whole number with no decimals.</arg>
<status status="FAIL" start="2025-11-10T22:42:22.436858" elapsed="5.223508">Element 'css:[cid="transfer-error-mes"]' not visible after 5 seconds.</status>
</kw>
<status status="FAIL" start="2025-11-10T22:42:21.049090" elapsed="6.611372">Element 'css:[cid="transfer-error-mes"]' not visible after 5 seconds.</status>
</test>
<test id="s1-t6" name="TC006 บัญชีไม่พบในระบบ (A2)" line="117">
<kw name="Go To Transfer">
<kw name="Go To" owner="SeleniumLibrary">
<msg time="2025-11-10T22:42:27.660930" level="INFO">Opening url 'http://localhost:3000/account'</msg>
<arg>${BASE_URL}/account</arg>
<doc>Navigates the current browser window to the provided ``url``.</doc>
<status status="PASS" start="2025-11-10T22:42:27.660875" elapsed="0.019299"/>
</kw>
<kw name="Wait Until Page Contains Element" owner="SeleniumLibrary">
<arg>xpath=//h2[text()="Transfer"]</arg>
<doc>Waits until the element ``locator`` appears on the current page.</doc>
<status status="PASS" start="2025-11-10T22:42:27.680270" elapsed="0.003888"/>
</kw>
<kw name="Scroll Element Into View" owner="SeleniumLibrary">
<arg>xpath=//h2[text()="Transfer"]</arg>
<doc>Scrolls the element identified by ``locator`` into view.</doc>
<status status="PASS" start="2025-11-10T22:42:27.684279" elapsed="0.277400"/>
</kw>
<status status="PASS" start="2025-11-10T22:42:27.660789" elapsed="0.301164"/>
</kw>
<kw name="Submit Transfer">
<kw name="Input Text" owner="SeleniumLibrary">
<msg time="2025-11-10T22:42:27.963382" level="INFO">Typing text '5555555555' into text field 'xpath=//h2[text()="Transfer"]/following::input[@cid="t1"][1]'.</msg>
<arg>xpath=//h2[text()="Transfer"]/following::input[@cid="t1"][1]</arg>
<arg>${acc}</arg>
<doc>Types the given ``text`` into the text field identified by ``locator``.</doc>
<status status="PASS" start="2025-11-10T22:42:27.963058" elapsed="0.045820"/>
</kw>
<kw name="Input Text" owner="SeleniumLibrary">
<msg time="2025-11-10T22:42:28.009133" level="INFO">Typing text '300' into text field 'xpath=//h2[text()="Transfer"]/following::input[@cid="t2"][1]'.</msg>
<arg>xpath=//h2[text()="Transfer"]/following::input[@cid="t2"][1]</arg>
<arg>${amount}</arg>
<doc>Types the given ``text`` into the text field identified by ``locator``.</doc>
<status status="PASS" start="2025-11-10T22:42:28.008989" elapsed="0.022463"/>
</kw>
<kw name="Execute Javascript" owner="SeleniumLibrary">
<msg time="2025-11-10T22:42:28.031767" level="INFO">Executing JavaScript:
document.querySelector('button[cid="tc"]').click()
Without any arguments.</msg>
<arg>document.querySelector('button[cid="tc"]').click()</arg>
<doc>Executes the given JavaScript code with possible arguments.</doc>
<status status="PASS" start="2025-11-10T22:42:28.031554" elapsed="0.003574"/>
</kw>
<kw name="Sleep" owner="BuiltIn">
<msg time="2025-11-10T22:42:29.036982" level="INFO">Slept 1 second.</msg>
<arg>1s</arg>
<doc>Pauses the test executed for the given time.</doc>
<status status="PASS" start="2025-11-10T22:42:28.035197" elapsed="1.001910"/>
</kw>
<arg>${TARGET_NOTFOUND}</arg>
<arg>${AMOUNT_VALID}</arg>
<status status="PASS" start="2025-11-10T22:42:27.962475" elapsed="1.074746"/>
</kw>
<kw name="Validate Error">
<kw name="Wait Until Element Is Visible" owner="SeleniumLibrary">
<arg>css:[cid="transfer-error-mes"]</arg>
<arg>timeout=5s</arg>
<doc>Waits until the element ``locator`` is visible.</doc>
<status status="PASS" start="2025-11-10T22:42:29.037765" elapsed="0.010263"/>
</kw>
<kw name="Get Text" owner="SeleniumLibrary">
<msg time="2025-11-10T22:42:29.056140" level="INFO">${txt} = We couldn't find the recipient's account. Please double-check the account ID.</msg>
<var>${txt}</var>
<arg>css:[cid="transfer-error-mes"]</arg>
<doc>Returns the text value of the element identified by ``locator``.</doc>
<status status="PASS" start="2025-11-10T22:42:29.048222" elapsed="0.007956"/>
</kw>
<kw name="Should Be Equal As Strings" owner="BuiltIn">
<arg>${txt}</arg>
<arg>${msg}</arg>
<doc>Fails if objects are unequal after converting them to strings.</doc>
<status status="PASS" start="2025-11-10T22:42:29.056305" elapsed="0.000162"/>
</kw>
<arg>We couldn't find the recipient's account. Please double-check the account ID.</arg>
<status status="PASS" start="2025-11-10T22:42:29.037416" elapsed="0.019194"/>
</kw>
<status status="PASS" start="2025-11-10T22:42:27.660559" elapsed="1.396218"/>
</test>
<test id="s1-t7" name="TC007 เลขบัญชีไม่ครบ 10 หลัก (A3)" line="123">
<kw name="Go To Transfer">
<kw name="Go To" owner="SeleniumLibrary">
<msg time="2025-11-10T22:42:29.057833" level="INFO">Opening url 'http://localhost:3000/account'</msg>
<arg>${BASE_URL}/account</arg>
<doc>Navigates the current browser window to the provided ``url``.</doc>
<status status="PASS" start="2025-11-10T22:42:29.057719" elapsed="0.022741"/>
</kw>
<kw name="Wait Until Page Contains Element" owner="SeleniumLibrary">
<arg>xpath=//h2[text()="Transfer"]</arg>
<doc>Waits until the element ``locator`` appears on the current page.</doc>
<status status="PASS" start="2025-11-10T22:42:29.080594" elapsed="0.003612"/>
</kw>
<kw name="Scroll Element Into View" owner="SeleniumLibrary">
<arg>xpath=//h2[text()="Transfer"]</arg>
<doc>Scrolls the element identified by ``locator`` into view.</doc>
<status status="PASS" start="2025-11-10T22:42:29.084312" elapsed="0.277979"/>
</kw>
<status status="PASS" start="2025-11-10T22:42:29.057509" elapsed="0.305086"/>
</kw>
<kw name="Submit Transfer">
<kw name="Input Text" owner="SeleniumLibrary">
<msg time="2025-11-10T22:42:29.364368" level="INFO">Typing text '12345' into text field 'xpath=//h2[text()="Transfer"]/following::input[@cid="t1"][1]'.</msg>
<arg>xpath=//h2[text()="Transfer"]/following::input[@cid="t1"][1]</arg>
<arg>${acc}</arg>
<doc>Types the given ``text`` into the text field identified by ``locator``.</doc>
<status status="PASS" start="2025-11-10T22:42:29.364005" elapsed="0.053775"/>
</kw>
<kw name="Input Text" owner="SeleniumLibrary">
<msg time="2025-11-10T22:42:29.418252" level="INFO">Typing text '300' into text field 'xpath=//h2[text()="Transfer"]/following::input[@cid="t2"][1]'.</msg>
<arg>xpath=//h2[text()="Transfer"]/following::input[@cid="t2"][1]</arg>
<arg>${amount}</arg>
<doc>Types the given ``text`` into the text field identified by ``locator``.</doc>
<status status="PASS" start="2025-11-10T22:42:29.418041" elapsed="0.028850"/>
</kw>
<kw name="Execute Javascript" owner="SeleniumLibrary">
<msg time="2025-11-10T22:42:29.447200" level="INFO">Executing JavaScript:
document.querySelector('button[cid="tc"]').click()
Without any arguments.</msg>
<arg>document.querySelector('button[cid="tc"]').click()</arg>
<doc>Executes the given JavaScript code with possible arguments.</doc>
<status status="PASS" start="2025-11-10T22:42:29.446994" elapsed="0.002096"/>
</kw>
<kw name="Sleep" owner="BuiltIn">
<msg time="2025-11-10T22:42:30.450980" level="INFO">Slept 1 second.</msg>
<arg>1s</arg>
<doc>Pauses the test executed for the given time.</doc>
<status status="PASS" start="2025-11-10T22:42:29.449148" elapsed="1.002664"/>
</kw>
<arg>${TARGET_SHORT}</arg>
<arg>${AMOUNT_VALID}</arg>
<status status="PASS" start="2025-11-10T22:42:29.363182" elapsed="1.089245"/>
</kw>
<kw name="Validate Error">
<kw name="Wait Until Element Is Visible" owner="SeleniumLibrary">
<arg>css:[cid="transfer-error-mes"]</arg>
<arg>timeout=5s</arg>
<doc>Waits until the element ``locator`` is visible.</doc>
<status status="PASS" start="2025-11-10T22:42:30.454310" elapsed="0.015385"/>
</kw>
<kw name="Get Text" owner="SeleniumLibrary">
<msg time="2025-11-10T22:42:30.480196" level="INFO">${txt} = Your account ID must be exactly 10 digits long.</msg>
<var>${txt}</var>
<arg>css:[cid="transfer-error-mes"]</arg>
<doc>Returns the text value of the element identified by ``locator``.</doc>
<status status="PASS" start="2025-11-10T22:42:30.469933" elapsed="0.010299"/>
</kw>
<kw name="Should Be Equal As Strings" owner="BuiltIn">
<msg time="2025-11-10T22:42:30.480631" level="FAIL">Your account ID must be exactly 10 digits long. != The account number must be exactly 10 digits long</msg>
<arg>${txt}</arg>
<arg>${msg}</arg>
<doc>Fails if objects are unequal after converting them to strings.</doc>
<status status="FAIL" start="2025-11-10T22:42:30.480361" elapsed="0.000374">Your account ID must be exactly 10 digits long. != The account number must be exactly 10 digits long</status>
</kw>
<arg>The account number must be exactly 10 digits long</arg>
<status status="FAIL" start="2025-11-10T22:42:30.453542" elapsed="0.027293">Your account ID must be exactly 10 digits long. != The account number must be exactly 10 digits long</status>
</kw>
<status status="FAIL" start="2025-11-10T22:42:29.056957" elapsed="1.424068">Your account ID must be exactly 10 digits long. != The account number must be exactly 10 digits long</status>
</test>
<test id="s1-t8" name="TC008 เลขบัญชีเกิน 10 หลัก (A4)" line="129">
<kw name="Go To Transfer">
<kw name="Go To" owner="SeleniumLibrary">
<msg time="2025-11-10T22:42:30.482027" level="INFO">Opening url 'http://localhost:3000/account'</msg>
<arg>${BASE_URL}/account</arg>
<doc>Navigates the current browser window to the provided ``url``.</doc>
<status status="PASS" start="2025-11-10T22:42:30.481890" elapsed="0.025203"/>
</kw>
<kw name="Wait Until Page Contains Element" owner="SeleniumLibrary">
<arg>xpath=//h2[text()="Transfer"]</arg>
<doc>Waits until the element ``locator`` appears on the current page.</doc>
<status status="PASS" start="2025-11-10T22:42:30.507222" elapsed="0.006002"/>
</kw>
<kw name="Scroll Element Into View" owner="SeleniumLibrary">
<arg>xpath=//h2[text()="Transfer"]</arg>
<doc>Scrolls the element identified by ``locator`` into view.</doc>
<status status="PASS" start="2025-11-10T22:42:30.513371" elapsed="0.265368"/>
</kw>
<status status="PASS" start="2025-11-10T22:42:30.481725" elapsed="0.297239"/>
</kw>
<kw name="Submit Transfer">
<kw name="Input Text" owner="SeleniumLibrary">
<msg time="2025-11-10T22:42:30.780307" level="INFO">Typing text '123451234512345' into text field 'xpath=//h2[text()="Transfer"]/following::input[@cid="t1"][1]'.</msg>
<arg>xpath=//h2[text()="Transfer"]/following::input[@cid="t1"][1]</arg>
<arg>${acc}</arg>
<doc>Types the given ``text`` into the text field identified by ``locator``.</doc>
<status status="PASS" start="2025-11-10T22:42:30.779953" elapsed="0.046879"/>
</kw>
<kw name="Input Text" owner="SeleniumLibrary">
<msg time="2025-11-10T22:42:30.827108" level="INFO">Typing text '300' into text field 'xpath=//h2[text()="Transfer"]/following::input[@cid="t2"][1]'.</msg>
<arg>xpath=//h2[text()="Transfer"]/following::input[@cid="t2"][1]</arg>
<arg>${amount}</arg>
<doc>Types the given ``text`` into the text field identified by ``locator``.</doc>
<status status="PASS" start="2025-11-10T22:42:30.826953" elapsed="0.021906"/>
</kw>
<kw name="Execute Javascript" owner="SeleniumLibrary">
<msg time="2025-11-10T22:42:30.849202" level="INFO">Executing JavaScript:
document.querySelector('button[cid="tc"]').click()
Without any arguments.</msg>
<arg>document.querySelector('button[cid="tc"]').click()</arg>
<doc>Executes the given JavaScript code with possible arguments.</doc>
<status status="PASS" start="2025-11-10T22:42:30.848962" elapsed="0.002368"/>
</kw>
<kw name="Sleep" owner="BuiltIn">
<msg time="2025-11-10T22:42:31.852084" level="INFO">Slept 1 second.</msg>
<arg>1s</arg>
<doc>Pauses the test executed for the given time.</doc>
<status status="PASS" start="2025-11-10T22:42:30.851411" elapsed="1.000911"/>
</kw>
<arg>${TARGET_LONG}</arg>
<arg>${AMOUNT_VALID}</arg>
<status status="PASS" start="2025-11-10T22:42:30.779382" elapsed="1.073126"/>
</kw>
<kw name="Validate Error">
<kw name="Wait Until Element Is Visible" owner="SeleniumLibrary">
<arg>css:[cid="transfer-error-mes"]</arg>
<arg>timeout=5s</arg>
<doc>Waits until the element ``locator`` is visible.</doc>
<status status="PASS" start="2025-11-10T22:42:31.853473" elapsed="0.016168"/>
</kw>
<kw name="Get Text" owner="SeleniumLibrary">
<msg time="2025-11-10T22:42:31.880185" level="INFO">${txt} = Your account ID must be exactly 10 digits long.</msg>
<var>${txt}</var>
<arg>css:[cid="transfer-error-mes"]</arg>
<doc>Returns the text value of the element identified by ``locator``.</doc>
<status status="PASS" start="2025-11-10T22:42:31.869797" elapsed="0.010436"/>
</kw>
<kw name="Should Be Equal As Strings" owner="BuiltIn">
<arg>${txt}</arg>
<arg>${msg}</arg>
<doc>Fails if objects are unequal after converting them to strings.</doc>
<status status="PASS" start="2025-11-10T22:42:31.880400" elapsed="0.000200"/>
</kw>
<arg>Your account ID must be exactly 10 digits long.</arg>
<status status="PASS" start="2025-11-10T22:42:31.852973" elapsed="0.027692"/>
</kw>
<status status="PASS" start="2025-11-10T22:42:30.481202" elapsed="1.399591"/>
</test>
<test id="s1-t9" name="TC009 เลขบัญชีต้องเป็นตัวเลขเท่านั้น (A5)" line="135">
<kw name="Go To Transfer">
<kw name="Go To" owner="SeleniumLibrary">
<msg time="2025-11-10T22:42:31.882669" level="INFO">Opening url 'http://localhost:3000/account'</msg>
<arg>${BASE_URL}/account</arg>
<doc>Navigates the current browser window to the provided ``url``.</doc>
<status status="PASS" start="2025-11-10T22:42:31.881778" elapsed="0.024844"/>
</kw>
<kw name="Wait Until Page Contains Element" owner="SeleniumLibrary">
<arg>xpath=//h2[text()="Transfer"]</arg>
<doc>Waits until the element ``locator`` appears on the current page.</doc>
<status status="PASS" start="2025-11-10T22:42:31.906764" elapsed="0.004183"/>
</kw>
<kw name="Scroll Element Into View" owner="SeleniumLibrary">
<arg>xpath=//h2[text()="Transfer"]</arg>
<doc>Scrolls the element identified by ``locator`` into view.</doc>
<status status="PASS" start="2025-11-10T22:42:31.911046" elapsed="0.261357"/>
</kw>
<status status="PASS" start="2025-11-10T22:42:31.881627" elapsed="0.290908"/>
</kw>
<kw name="Submit Transfer">
<kw name="Input Text" owner="SeleniumLibrary">
<msg time="2025-11-10T22:42:32.173439" level="INFO">Typing text 'ABCD' into text field 'xpath=//h2[text()="Transfer"]/following::input[@cid="t1"][1]'.</msg>
<arg>xpath=//h2[text()="Transfer"]/following::input[@cid="t1"][1]</arg>
<arg>${acc}</arg>
<doc>Types the given ``text`` into the text field identified by ``locator``.</doc>
<status status="PASS" start="2025-11-10T22:42:32.173212" elapsed="0.030124"/>
</kw>
<kw name="Input Text" owner="SeleniumLibrary">
<msg time="2025-11-10T22:42:32.203565" level="INFO">Typing text '300' into text field 'xpath=//h2[text()="Transfer"]/following::input[@cid="t2"][1]'.</msg>
<arg>xpath=//h2[text()="Transfer"]/following::input[@cid="t2"][1]</arg>
<arg>${amount}</arg>
<doc>Types the given ``text`` into the text field identified by ``locator``.</doc>
<status status="PASS" start="2025-11-10T22:42:32.203436" elapsed="0.021298"/>
</kw>
<kw name="Execute Javascript" owner="SeleniumLibrary">
<msg time="2025-11-10T22:42:32.225030" level="INFO">Executing JavaScript:
document.querySelector('button[cid="tc"]').click()
Without any arguments.</msg>
<arg>document.querySelector('button[cid="tc"]').click()</arg>
<doc>Executes the given JavaScript code with possible arguments.</doc>
<status status="PASS" start="2025-11-10T22:42:32.224829" elapsed="0.002138"/>
</kw>
<kw name="Sleep" owner="BuiltIn">
<msg time="2025-11-10T22:42:33.228469" level="INFO">Slept 1 second.</msg>
<arg>1s</arg>
<doc>Pauses the test executed for the given time.</doc>
<status status="PASS" start="2025-11-10T22:42:32.227024" elapsed="1.001776"/>
</kw>
<arg>${TARGET_TEXT}</arg>
<arg>${AMOUNT_VALID}</arg>
<status status="PASS" start="2025-11-10T22:42:32.172804" elapsed="1.056269"/>
</kw>
<kw name="Validate Error">
<kw name="Wait Until Element Is Visible" owner="SeleniumLibrary">
<arg>css:[cid="transfer-error-mes"]</arg>
<arg>timeout=5s</arg>
<doc>Waits until the element ``locator`` is visible.</doc>
<status status="PASS" start="2025-11-10T22:42:33.230406" elapsed="0.014939"/>
</kw>
<kw name="Get Text" owner="SeleniumLibrary">
<msg time="2025-11-10T22:42:33.256941" level="INFO">${txt} = Your account ID should contain numbers only.</msg>
<var>${txt}</var>
<arg>css:[cid="transfer-error-mes"]</arg>
<doc>Returns the text value of the element identified by ``locator``.</doc>
<status status="PASS" start="2025-11-10T22:42:33.245635" elapsed="0.011351"/>
</kw>
<kw name="Should Be Equal As Strings" owner="BuiltIn">
<arg>${txt}</arg>
<arg>${msg}</arg>
<doc>Fails if objects are unequal after converting them to strings.</doc>
<status status="PASS" start="2025-11-10T22:42:33.257143" elapsed="0.000185"/>
</kw>
<arg>Your account ID should contain numbers only.</arg>
<status status="PASS" start="2025-11-10T22:42:33.229651" elapsed="0.027762"/>
</kw>
<status status="PASS" start="2025-11-10T22:42:31.880956" elapsed="1.376602"/>
</test>
<test id="s1-t10" name="TC010 โอนไปหาตัวเองไม่ได้ (A6)" line="141">
<kw name="Go To Transfer">
<kw name="Go To" owner="SeleniumLibrary">
<msg time="2025-11-10T22:42:33.258482" level="INFO">Opening url 'http://localhost:3000/account'</msg>
<arg>${BASE_URL}/account</arg>
<doc>Navigates the current browser window to the provided ``url``.</doc>
<status status="PASS" start="2025-11-10T22:42:33.258385" elapsed="0.023098"/>
</kw>
<kw name="Wait Until Page Contains Element" owner="SeleniumLibrary">
<arg>xpath=//h2[text()="Transfer"]</arg>
<doc>Waits until the element ``locator`` appears on the current page.</doc>
<status status="PASS" start="2025-11-10T22:42:33.281591" elapsed="0.004214"/>
</kw>
<kw name="Scroll Element Into View" owner="SeleniumLibrary">
<arg>xpath=//h2[text()="Transfer"]</arg>
<doc>Scrolls the element identified by ``locator`` into view.</doc>
<status status="PASS" start="2025-11-10T22:42:33.285891" elapsed="0.276305"/>
</kw>
<status status="PASS" start="2025-11-10T22:42:33.258219" elapsed="0.304334"/>
</kw>
<kw name="Submit Transfer">
<kw name="Input Text" owner="SeleniumLibrary">
<msg time="2025-11-10T22:42:33.563988" level="INFO">Typing text '1234567892' into text field 'xpath=//h2[text()="Transfer"]/following::input[@cid="t1"][1]'.</msg>
<arg>xpath=//h2[text()="Transfer"]/following::input[@cid="t1"][1]</arg>
<arg>${acc}</arg>
<doc>Types the given ``text`` into the text field identified by ``locator``.</doc>
<status status="PASS" start="2025-11-10T22:42:33.563657" elapsed="0.045462"/>
</kw>
<kw name="Input Text" owner="SeleniumLibrary">
<msg time="2025-11-10T22:42:33.609380" level="INFO">Typing text '300' into text field 'xpath=//h2[text()="Transfer"]/following::input[@cid="t2"][1]'.</msg>
<arg>xpath=//h2[text()="Transfer"]/following::input[@cid="t2"][1]</arg>
<arg>${amount}</arg>
<doc>Types the given ``text`` into the text field identified by ``locator``.</doc>
<status status="PASS" start="2025-11-10T22:42:33.609230" elapsed="0.023032"/>
</kw>
<kw name="Execute Javascript" owner="SeleniumLibrary">
<msg time="2025-11-10T22:42:33.632587" level="INFO">Executing JavaScript:
document.querySelector('button[cid="tc"]').click()
Without any arguments.</msg>
<arg>document.querySelector('button[cid="tc"]').click()</arg>
<doc>Executes the given JavaScript code with possible arguments.</doc>
<status status="PASS" start="2025-11-10T22:42:33.632367" elapsed="0.002637"/>
</kw>
<kw name="Sleep" owner="BuiltIn">
<msg time="2025-11-10T22:42:34.636085" level="INFO">Slept 1 second.</msg>
<arg>1s</arg>
<doc>Pauses the test executed for the given time.</doc>
<status status="PASS" start="2025-11-10T22:42:33.635069" elapsed="1.001255"/>
</kw>
<arg>${TARGET_SELF}</arg>
<arg>${AMOUNT_VALID}</arg>
<status status="PASS" start="2025-11-10T22:42:33.563064" elapsed="1.073433"/>
</kw>
<kw name="Validate Error">
<kw name="Wait Until Element Is Visible" owner="SeleniumLibrary">
<arg>css:[cid="transfer-error-mes"]</arg>
<arg>timeout=5s</arg>
<doc>Waits until the element ``locator`` is visible.</doc>
<status status="PASS" start="2025-11-10T22:42:34.637358" elapsed="0.012067"/>
</kw>
<kw name="Get Text" owner="SeleniumLibrary">
<msg time="2025-11-10T22:42:34.657729" level="INFO">${txt} = You cannot transfer to your own account.</msg>
<var>${txt}</var>
<arg>css:[cid="transfer-error-mes"]</arg>
<doc>Returns the text value of the element identified by ``locator``.</doc>
<status status="PASS" start="2025-11-10T22:42:34.649648" elapsed="0.008113"/>
</kw>
<kw name="Should Be Equal As Strings" owner="BuiltIn">
<arg>${txt}</arg>
<arg>${msg}</arg>
<doc>Fails if objects are unequal after converting them to strings.</doc>
<status status="PASS" start="2025-11-10T22:42:34.657867" elapsed="0.000141"/>
</kw>
<arg>You cannot transfer to your own account.</arg>
<status status="PASS" start="2025-11-10T22:42:34.636891" elapsed="0.021164"/>
</kw>
<status status="PASS" start="2025-11-10T22:42:33.257727" elapsed="1.400420"/>
</test>
<kw name="Close Browser" owner="SeleniumLibrary" type="TEARDOWN">
<doc>Closes the current browser.</doc>
<status status="PASS" start="2025-11-10T22:42:34.658576" elapsed="0.082901"/>
</kw>
<status status="FAIL" start="2025-11-10T22:42:09.386286" elapsed="25.355252"/>
</suite>
<statistics>
<total>
<stat pass="8" fail="2" skip="0">All Tests</stat>
</total>
<tag>
</tag>
<suite>
<stat name="Testcase Scenerio5" id="s1" pass="8" fail="2" skip="0">Testcase Scenerio5</stat>
</suite>
</statistics>
<errors>
<msg time="2025-11-10T22:42:09.383882" level="WARN">Error in file '/Users/dreammnck/Documents/SE/software-testing/project2/CU-Bank-Group1-Testing/testcases/testcase_scenerio5.robot' on line 66: The '[Return]' setting is deprecated. Use the 'RETURN' statement instead.</msg>
<msg time="2025-11-10T22:42:09.456450" level="ERROR">Error in file '/Users/dreammnck/Documents/SE/software-testing/project2/CU-Bank-Group1-Testing/resources/imports.robot' on line 3: Importing library 'MongoDBLibrary' failed: ModuleNotFoundError: No module named 'mongo_connection_manager'
Traceback (most recent call last):
  File "/Users/dreammnck/Documents/SE/software-testing/project2/CU-Bank-Group1-Testing/.venv/lib/python3.14/site-packages/MongoDBLibrary/__init__.py", line 1, in &lt;module&gt;
    from mongo_connection_manager import MongoConnectionManager
PYTHONPATH:
  /Users/dreammnck/Documents/SE/software-testing/project2/CU-Bank-Group1-Testing/.venv/bin
  /opt/homebrew/Cellar/python@3.14/3.14.0_1/Frameworks/Python.framework/Versions/3.14/lib/python314.zip
  /opt/homebrew/Cellar/python@3.14/3.14.0_1/Frameworks/Python.framework/Versions/3.14/lib/python3.14
  /opt/homebrew/Cellar/python@3.14/3.14.0_1/Frameworks/Python.framework/Versions/3.14/lib/python3.14/lib-dynload
  /Users/dreammnck/Documents/SE/software-testing/project2/CU-Bank-Group1-Testing/.venv/lib/python3.14/site-packages</msg>
</errors>
</robot>
